<?xml version="1.0" encoding="UTF-8"?>
<!-- Generated by org.testng.reporters.JUnitReportReporter -->
<testsuite hostname="DESKTOP-MR4SMJ7" failures="0" tests="1" name="script.ValidLogin" time="20.804" errors="0" timestamp="2023-11-08T11:15:23 IST" skipped="0">
  <testcase classname="script.ValidLogin" name="testValidLogin" time="20.804"/>
  <system-out>
    <![CDATA[Execute in Grid:yes
Browser is:chrome
Set ITO:20
Enter the URL:https://opensource-demo.orangehrmlive.com
Maximize the browser
Set ETO:10
Close the browser]]>
  </system-out>
</testsuite> <!-- script.ValidLogin -->
